Store URL: https://ecoletunisie.com/
errorCode: term_exists
message: Un terme avec ce nom existe déjà pour ce parent.
Date: 2025-05-30 09:35:46

Store URL: https://ecoletunisie.com/
errorCode: term_exists
message: Un terme avec ce nom existe déjà pour ce parent.
Date: 2025-05-30 09:38:44

Store URL: https://ecoletunisie.com/
errorCode: duplicate_term_slug
message: Le slug « laboratoire » est déjà utilisé par un autre terme.
Date: 2025-05-30 09:38:47

Store URL: https://ecoletunisie.com/
errorCode: duplicate_term_slug
message: Le slug « verrerie » est déjà utilisé par un autre terme.
Date: 2025-05-30 09:38:49

Store URL: https://ecoletunisie.com/
errorCode: term_exists
message: Un terme avec ce nom existe déjà pour ce parent.
Date: 2025-05-30 10:22:16

Store URL: https://ecoletunisie.com/
errorCode: duplicate_term_slug
message: Le slug « laboratoire » est déjà utilisé par un autre terme.
Date: 2025-05-30 10:22:18

Store URL: https://ecoletunisie.com/
errorCode: duplicate_term_slug
message: Le slug « verrerie » est déjà utilisé par un autre terme.
Date: 2025-05-30 10:22:20

Store URL: https://ecoletunisie.com/
errorCode: term_exists
message: Un terme avec ce nom existe déjà pour ce parent.
Date: 2025-05-30 10:22:45

Store URL: https://ecoletunisie.com/
errorCode: term_exists
message: Un terme avec ce nom existe déjà pour ce parent.
Date: 2025-05-30 10:23:23

Store URL: https://ecoletunisie.com/
errorCode: duplicate_term_slug
message: Le slug « laboratoire » est déjà utilisé par un autre terme.
Date: 2025-05-30 10:23:25

Store URL: https://ecoletunisie.com/
errorCode: duplicate_term_slug
message: Le slug « verrerie » est déjà utilisé par un autre terme.
Date: 2025-05-30 10:23:27

Store URL: https://ecoletunisie.com/
errorCode: term_exists
message: Un terme avec ce nom existe déjà pour ce parent.
Date: 2025-05-30 10:23:36

Store URL: https://ecoletunisie.com/
errorCode: duplicate_term_slug
message: Le slug « laboratoire » est déjà utilisé par un autre terme.
Date: 2025-05-30 10:23:38

Store URL: https://ecoletunisie.com/
errorCode: duplicate_term_slug
message: Le slug « verrerie » est déjà utilisé par un autre terme.
Date: 2025-05-30 10:23:39

Store URL: https://ecoletunisie.com/
errorCode: term_exists
message: Un terme avec ce nom existe déjà pour ce parent.
Date: 2025-05-30 10:23:59

Store URL: https://ecoletunisie.com/
errorCode: duplicate_term_slug
message: Le slug « laboratoire » est déjà utilisé par un autre terme.
Date: 2025-05-30 10:24:01

Store URL: https://ecoletunisie.com/
errorCode: duplicate_term_slug
message: Le slug « verrerie » est déjà utilisé par un autre terme.
Date: 2025-05-30 10:24:03

Store URL: https://ecoletunisie.com/
errorCode: term_exists
message: Un terme avec ce nom existe déjà pour ce parent.
Date: 2025-05-30 10:24:17

Store URL: https://ecoletunisie.com/
errorCode: duplicate_term_slug
message: Le slug « laboratoire » est déjà utilisé par un autre terme.
Date: 2025-05-30 10:24:19

Store URL: https://ecoletunisie.com/
errorCode: duplicate_term_slug
message: Le slug « verrerie » est déjà utilisé par un autre terme.
Date: 2025-05-30 10:24:21

Store URL: https://ecoletunisie.com/
errorCode: term_exists
message: Un terme avec ce nom existe déjà pour ce parent.
Date: 2025-05-30 10:24:40

Store URL: https://ecoletunisie.com/
errorCode: term_exists
message: Un terme avec ce nom existe déjà pour ce parent.
Date: 2025-05-30 10:24:55

Store URL: https://ecoletunisie.com/
errorCode: duplicate_term_slug
message: Le slug « laboratoire » est déjà utilisé par un autre terme.
Date: 2025-05-30 10:24:57

Store URL: https://ecoletunisie.com/
errorCode: duplicate_term_slug
message: Le slug « verrerie » est déjà utilisé par un autre terme.
Date: 2025-05-30 10:24:59

Store URL: https://ecoletunisie.com/
errorCode: term_exists
message: Un terme avec ce nom existe déjà pour ce parent.
Date: 2025-05-30 10:25:07

Store URL: https://ecoletunisie.com/
errorCode: duplicate_term_slug
message: Le slug « laboratoire » est déjà utilisé par un autre terme.
Date: 2025-05-30 10:25:09

Store URL: https://ecoletunisie.com/
errorCode: duplicate_term_slug
message: Le slug « verrerie » est déjà utilisé par un autre terme.
Date: 2025-05-30 10:25:11

Store URL: https://ecoletunisie.com/
errorCode: term_exists
message: Un terme avec ce nom existe déjà pour ce parent.
Date: 2025-05-30 10:25:26

Store URL: https://ecoletunisie.com/
errorCode: duplicate_term_slug
message: Le slug « laboratoire » est déjà utilisé par un autre terme.
Date: 2025-05-30 10:25:28

Store URL: https://ecoletunisie.com/
errorCode: duplicate_term_slug
message: Le slug « verrerie » est déjà utilisé par un autre terme.
Date: 2025-05-30 10:25:31

Store URL: https://ecoletunisie.com/
errorCode: term_exists
message: Un terme avec ce nom existe déjà pour ce parent.
Date: 2025-05-30 10:25:40

Store URL: https://ecoletunisie.com/
errorCode: duplicate_term_slug
message: Le slug « laboratoire » est déjà utilisé par un autre terme.
Date: 2025-05-30 10:25:42

Store URL: https://ecoletunisie.com/
errorCode: duplicate_term_slug
message: Le slug « verrerie » est déjà utilisé par un autre terme.
Date: 2025-05-30 10:25:44

Store URL: https://ecoletunisie.com/
errorCode: term_exists
message: Un terme avec ce nom existe déjà pour ce parent.
Date: 2025-05-30 10:26:01

Store URL: https://ecoletunisie.com/
errorCode: duplicate_term_slug
message: Le slug « laboratoire » est déjà utilisé par un autre terme.
Date: 2025-05-30 10:26:03

Store URL: https://ecoletunisie.com/
errorCode: duplicate_term_slug
message: Le slug « verrerie » est déjà utilisé par un autre terme.
Date: 2025-05-30 10:26:05

Store URL: https://ecoletunisie.com/
errorCode: term_exists
message: Un terme avec ce nom existe déjà pour ce parent.
Date: 2025-05-30 10:26:49

Store URL: https://ecoletunisie.com/
errorCode: duplicate_term_slug
message: Le slug « laboratoire » est déjà utilisé par un autre terme.
Date: 2025-05-30 10:26:51

Store URL: https://ecoletunisie.com/
errorCode: duplicate_term_slug
message: Le slug « verrerie » est déjà utilisé par un autre terme.
Date: 2025-05-30 10:26:53

Store URL: https://ecoletunisie.com/
errorCode: term_exists
message: Un terme avec ce nom existe déjà pour ce parent.
Date: 2025-05-30 12:31:01

Store URL: https://ecoletunisie.com/
errorCode: duplicate_term_slug
message: Le slug « laboratoire » est déjà utilisé par un autre terme.
Date: 2025-05-30 12:31:09

Store URL: https://ecoletunisie.com/
errorCode: duplicate_term_slug
message: Le slug « verrerie » est déjà utilisé par un autre terme.
Date: 2025-05-30 12:31:16

